C:\WAMP\WWW\TGSK\WP8\XAUDIOPLAYER\DEBUG\XAUDIOPLAYER.PCH
C:\WAMP\WWW\TGSK\WP8\XAUDIOPLAYER\DEBUG\PCH.OBJ
C:\WAMP\WWW\TGSK\WP8\XAUDIOPLAYER\DEBUG\VC110.PDB
C:\WAMP\WWW\TGSK\WP8\XAUDIOPLAYER\DEBUG\SOUNDFILEREADER.OBJ
C:\WAMP\WWW\TGSK\WP8\XAUDIOPLAYER\DEBUG\RANDOMACCESSREADER.OBJ
C:\WAMP\WWW\TGSK\WP8\XAUDIOPLAYER\DEBUG\XAUDIOPLAYER.OBJ
C:\WAMP\WWW\TGSK\WP8\DEBUG\XAUDIOPLAYER\XAUDIOPLAYER.ILK
C:\WAMP\WWW\TGSK\WP8\DEBUG\XAUDIOPLAYER\XAUDIOPLAYER.DLL
C:\WAMP\WWW\TGSK\WP8\DEBUG\XAUDIOPLAYER\XAUDIOPLAYER.WINMD
C:\WAMP\WWW\TGSK\WP8\DEBUG\XAUDIOPLAYER\XAUDIOPLAYER.PDB
C:\wamp\www\TGSK\wp8\Debug\XAudioPlayer\XAudioPlayer.lib
C:\wamp\www\TGSK\wp8\Debug\XAudioPlayer\XAudioPlayer.exp
C:\wamp\www\TGSK\wp8\XAudioPlayer\Debug\XAudioPlayer.vcxprojResolveAssemblyReference.cache
C:\wamp\www\TGSK\wp8\XAudioPlayer\Debug\pch.obj
C:\wamp\www\TGSK\wp8\XAudioPlayer\Debug\RandomAccessReader.obj
C:\wamp\www\TGSK\wp8\XAudioPlayer\Debug\SoundFileReader.obj
C:\wamp\www\TGSK\wp8\XAudioPlayer\Debug\XAudioPlayer.obj
C:\wamp\www\TGSK\wp8\XAudioPlayer\Debug\CL.3296.read.1.tlog
C:\wamp\www\TGSK\wp8\XAudioPlayer\Debug\CL.3296.write.1.tlog
C:\wamp\www\TGSK\wp8\XAudioPlayer\Debug\CL.6048.read.1.tlog
C:\wamp\www\TGSK\wp8\XAudioPlayer\Debug\CL.6048.write.1.tlog
C:\wamp\www\TGSK\wp8\XAudioPlayer\Debug\CL.7704.read.1.tlog
C:\wamp\www\TGSK\wp8\XAudioPlayer\Debug\CL.7704.write.1.tlog
C:\wamp\www\TGSK\wp8\XAudioPlayer\Debug\cl.command.1.tlog
C:\wamp\www\TGSK\wp8\XAudioPlayer\Debug\CL.read.1.tlog
C:\wamp\www\TGSK\wp8\XAudioPlayer\Debug\CL.write.1.tlog
C:\wamp\www\TGSK\wp8\XAudioPlayer\Debug\link.command.1.tlog
C:\wamp\www\TGSK\wp8\XAudioPlayer\Debug\link.read.1.tlog
C:\wamp\www\TGSK\wp8\XAudioPlayer\Debug\link.write.1.tlog
C:\wamp\www\TGSK\wp8\XAudioPlayer\Debug\XAudioPlayer.write.1.tlog
C:\wamp\www\TGSK\wp8\XAudioPlayer\Debug\XAudioPlayer.pch
C:\wamp\www\TGSK\wp8\XAudioPlayer\Debug\vc110.idb
C:\wamp\www\TGSK\wp8\XAudioPlayer\Debug\vc110.pdb
C:\wamp\www\TGSK\wp8\Debug\XAudioPlayer\XAudioPlayer.pdb
C:\wamp\www\TGSK\wp8\Debug\XAudioPlayer\XAudioPlayer.dll
C:\wamp\www\TGSK\wp8\Debug\XAudioPlayer\XAudioPlayer.ilk
