C:\USERS\CHRISTER\DESKTOP\TOWERGAMESTARTERKIT\XAUDIOPLAYER\ARM\RELEASE\XAUDIOPLAYER.PCH
C:\USERS\CHRISTER\DESKTOP\TOWERGAMESTARTERKIT\XAUDIOPLAYER\ARM\RELEASE\PCH.OBJ
C:\USERS\CHRISTER\DESKTOP\TOWERGAMESTARTERKIT\XAUDIOPLAYER\ARM\RELEASE\VC110.PDB
C:\USERS\CHRISTER\DESKTOP\TOWERGAMESTARTERKIT\XAUDIOPLAYER\ARM\RELEASE\XAUDIOPLAYER.OBJ
C:\USERS\CHRISTER\DESKTOP\TOWERGAMESTARTERKIT\XAUDIOPLAYER\ARM\RELEASE\RANDOMACCESSREADER.OBJ
C:\USERS\CHRISTER\DESKTOP\TOWERGAMESTARTERKIT\XAUDIOPLAYER\ARM\RELEASE\SOUNDFILEREADER.OBJ
C:\WAMP\WWW\TGSK\WP8\XAUDIOPLAYER\ARM\RELEASE\XAUDIOPLAYER.PCH
C:\WAMP\WWW\TGSK\WP8\XAUDIOPLAYER\ARM\RELEASE\PCH.OBJ
C:\WAMP\WWW\TGSK\WP8\XAUDIOPLAYER\ARM\RELEASE\VC110.PDB
C:\WAMP\WWW\TGSK\WP8\XAUDIOPLAYER\ARM\RELEASE\SOUNDFILEREADER.OBJ
C:\WAMP\WWW\TGSK\WP8\XAUDIOPLAYER\ARM\RELEASE\RANDOMACCESSREADER.OBJ
C:\WAMP\WWW\TGSK\WP8\XAUDIOPLAYER\ARM\RELEASE\XAUDIOPLAYER.OBJ
C:\USERS\CHRISTER\DESKTOP\TOWERGAMESTARTERKIT\ARM\RELEASE\XAUDIOPLAYER\XAUDIOPLAYER.DLL
C:\USERS\CHRISTER\DESKTOP\TOWERGAMESTARTERKIT\ARM\RELEASE\XAUDIOPLAYER\XAUDIOPLAYER.WINMD
C:\USERS\CHRISTER\DESKTOP\TOWERGAMESTARTERKIT\ARM\RELEASE\XAUDIOPLAYER\XAUDIOPLAYER.PDB
C:\WAMP\WWW\TGSK\WP8\ARM\RELEASE\XAUDIOPLAYER\XAUDIOPLAYER.DLL
C:\WAMP\WWW\TGSK\WP8\ARM\RELEASE\XAUDIOPLAYER\XAUDIOPLAYER.WINMD
C:\WAMP\WWW\TGSK\WP8\ARM\RELEASE\XAUDIOPLAYER\XAUDIOPLAYER.PDB
C:\Users\Christer\Desktop\TowerGameStarterKit\ARM\Release\XAudioPlayer\XAudioPlayer.lib
C:\Users\Christer\Desktop\TowerGameStarterKit\ARM\Release\XAudioPlayer\XAudioPlayer.exp
C:\wamp\www\TGSK\wp8\ARM\Release\XAudioPlayer\XAudioPlayer.lib
C:\wamp\www\TGSK\wp8\ARM\Release\XAudioPlayer\XAudioPlayer.exp
C:\wamp\www\TGSK\wp8\XAudioPlayer\ARM\Release\XAudioPlayer.vcxprojResolveAssemblyReference.cache
C:\wamp\www\TGSK\wp8\XAudioPlayer\ARM\Release\pch.obj
C:\wamp\www\TGSK\wp8\XAudioPlayer\ARM\Release\RandomAccessReader.obj
C:\wamp\www\TGSK\wp8\XAudioPlayer\ARM\Release\SoundFileReader.obj
C:\wamp\www\TGSK\wp8\XAudioPlayer\ARM\Release\XAudioPlayer.obj
C:\wamp\www\TGSK\wp8\XAudioPlayer\ARM\Release\CL.10416.read.1.tlog
C:\wamp\www\TGSK\wp8\XAudioPlayer\ARM\Release\CL.10416.write.1.tlog
C:\wamp\www\TGSK\wp8\XAudioPlayer\ARM\Release\CL.2888.read.1.tlog
C:\wamp\www\TGSK\wp8\XAudioPlayer\ARM\Release\CL.2888.write.1.tlog
C:\wamp\www\TGSK\wp8\XAudioPlayer\ARM\Release\CL.7180.read.1.tlog
C:\wamp\www\TGSK\wp8\XAudioPlayer\ARM\Release\CL.7180.write.1.tlog
C:\wamp\www\TGSK\wp8\XAudioPlayer\ARM\Release\CL.7404.read.1.tlog
C:\wamp\www\TGSK\wp8\XAudioPlayer\ARM\Release\CL.7404.write.1.tlog
C:\wamp\www\TGSK\wp8\XAudioPlayer\ARM\Release\CL.7740.read.1.tlog
C:\wamp\www\TGSK\wp8\XAudioPlayer\ARM\Release\CL.7740.write.1.tlog
C:\wamp\www\TGSK\wp8\XAudioPlayer\ARM\Release\CL.8468.read.1.tlog
C:\wamp\www\TGSK\wp8\XAudioPlayer\ARM\Release\CL.8468.write.1.tlog
C:\wamp\www\TGSK\wp8\XAudioPlayer\ARM\Release\cl.command.1.tlog
C:\wamp\www\TGSK\wp8\XAudioPlayer\ARM\Release\CL.read.1.tlog
C:\wamp\www\TGSK\wp8\XAudioPlayer\ARM\Release\CL.write.1.tlog
C:\wamp\www\TGSK\wp8\XAudioPlayer\ARM\Release\link.command.1.tlog
C:\wamp\www\TGSK\wp8\XAudioPlayer\ARM\Release\link.read.1.tlog
C:\wamp\www\TGSK\wp8\XAudioPlayer\ARM\Release\link.write.1.tlog
C:\wamp\www\TGSK\wp8\XAudioPlayer\ARM\Release\XAudioPlayer.write.1.tlog
C:\wamp\www\TGSK\wp8\XAudioPlayer\ARM\Release\XAudioPlayer.pch
C:\wamp\www\TGSK\wp8\XAudioPlayer\ARM\Release\vc110.pdb
C:\wamp\www\TGSK\wp8\ARM\Release\XAudioPlayer\XAudioPlayer.pdb
C:\wamp\www\TGSK\wp8\ARM\Release\XAudioPlayer\XAudioPlayer.dll
